[2022-02-13 12:06:40,458: INFO: 01-generate_image_in_pkl] ----- Running Stage-01-----
[2022-02-13 12:06:40,460: INFO: 01-generate_image_in_pkl] Created directory: artifacts\pickle_format_data_dir
[2022-02-13 12:06:40,654: INFO: 01-generate_image_in_pkl] Total Actors are:100
[2022-02-13 12:06:40,654: INFO: 01-generate_image_in_pkl] Total Actors images:8664
[2022-02-13 12:06:40,659: INFO: 01-generate_image_in_pkl] ----- Completed Stage-01-----
[2022-02-13 16:36:45,685: INFO: 02-feature_extractor] ----- Running Stage-02-----
[2022-02-13 16:36:45,685: INFO: 02-feature_extractor] ----- Completed Stage-02-----
[2022-02-13 16:39:04,623: INFO: 02-feature_extractor] ----- Running Stage-02-----
[2022-02-13 16:39:04,623: INFO: 02-feature_extractor] ----- Completed Stage-02-----
[2022-02-13 16:40:28,767: INFO: 02-feature_extractor] ----- Running Stage-02-----
[2022-02-13 16:40:28,768: INFO: 02-feature_extractor] ----- Completed Stage-02-----
[2022-02-13 16:43:03,381: INFO: 02-feature_extractor] ----- Running Stage-02-----
[2022-02-13 16:43:03,381: INFO: 02-feature_extractor] ----- Completed Stage-02-----
[2022-02-13 16:43:14,306: INFO: 02-feature_extractor] ----- Running Stage-02-----
[2022-02-13 16:43:14,306: INFO: 02-feature_extractor] ----- Completed Stage-02-----
[2022-02-13 16:43:37,931: INFO: 02-feature_extractor] ----- Running Stage-02-----
[2022-02-13 16:43:37,931: INFO: 02-feature_extractor] ----- Completed Stage-02-----
[2022-02-13 19:22:27,607: INFO: 02-feature_extractor] ----- Running Stage-02-----
[2022-02-13 19:22:27,607: INFO: 02-feature_extractor] ----- Completed Stage-02-----
[2022-02-13 19:23:07,277: INFO: 02-feature_extractor] ----- Running Stage-02-----
[2022-02-13 19:23:07,277: INFO: 02-feature_extractor] ----- Completed Stage-02-----
[2022-02-13 19:24:39,167: INFO: 02-feature_extractor] ----- Running Stage-02-----
[2022-02-13 19:24:39,167: INFO: 02-feature_extractor] ----- Completed Stage-02-----
[2022-02-13 19:24:43,904: INFO: 02-feature_extractor] ----- Running Stage-02-----
[2022-02-13 19:24:43,904: INFO: 02-feature_extractor] ----- Completed Stage-02-----
[2022-02-13 19:25:13,745: INFO: 02-feature_extractor] ----- Running Stage-02-----
[2022-02-13 19:25:13,745: INFO: 02-feature_extractor] ----- Completed Stage-02-----
[2022-02-13 19:25:18,448: INFO: 02-feature_extractor] ----- Running Stage-02-----
[2022-02-13 19:25:18,448: INFO: 02-feature_extractor] ----- Completed Stage-02-----
[2022-02-13 19:25:34,593: INFO: 02-feature_extractor] ----- Running Stage-02-----
[2022-02-13 19:25:34,594: INFO: 02-feature_extractor] ----- Completed Stage-02-----
[2022-02-13 19:25:39,818: INFO: 02-feature_extractor] ----- Running Stage-02-----
[2022-02-13 19:25:39,818: INFO: 02-feature_extractor] ----- Completed Stage-02-----
[2022-02-13 19:57:49,398: INFO: 02-feature_extractor] Created directory: a
[2022-02-13 19:57:49,399: INFO: 02-feature_extractor] Created directory: r
[2022-02-13 19:57:49,400: INFO: 02-feature_extractor] Created directory: t
[2022-02-13 19:57:49,400: INFO: 02-feature_extractor] Created directory: i
[2022-02-13 19:57:49,401: INFO: 02-feature_extractor] Created directory: f
[2022-02-13 20:03:32,643: INFO: 02-feature_extractor] Created directory: a
[2022-02-13 20:03:32,643: INFO: 02-feature_extractor] Created directory: r
[2022-02-13 20:03:32,643: INFO: 02-feature_extractor] Created directory: t
[2022-02-13 20:03:32,644: INFO: 02-feature_extractor] Created directory: i
[2022-02-13 20:03:32,644: INFO: 02-feature_extractor] Created directory: f
[2022-02-13 20:04:24,250: INFO: 02-feature_extractor] Created directory: a
[2022-02-13 20:04:24,251: INFO: 02-feature_extractor] Created directory: r
[2022-02-13 20:04:24,251: INFO: 02-feature_extractor] Created directory: t
[2022-02-13 20:04:24,251: INFO: 02-feature_extractor] Created directory: i
[2022-02-13 20:04:24,252: INFO: 02-feature_extractor] Created directory: f
[2022-02-13 20:05:44,420: INFO: 02-feature_extractor] Created directory: a
[2022-02-13 20:05:44,420: INFO: 02-feature_extractor] Created directory: r
[2022-02-13 20:05:44,420: INFO: 02-feature_extractor] Created directory: t
[2022-02-13 20:05:44,421: INFO: 02-feature_extractor] Created directory: i
[2022-02-13 20:05:44,421: INFO: 02-feature_extractor] Created directory: f
[2022-02-13 20:08:26,416: INFO: 02-feature_extractor] Created directory: U
[2022-02-13 20:08:26,416: INFO: 02-feature_extractor] Created directory: s
[2022-02-13 20:08:26,417: INFO: 02-feature_extractor] Created directory: e
[2022-02-13 20:08:26,417: INFO: 02-feature_extractor] Created directory: r
[2022-02-13 20:09:19,444: INFO: 02-feature_extractor] Created directory: U
[2022-02-13 20:09:19,445: INFO: 02-feature_extractor] Created directory: s
[2022-02-13 20:09:19,445: INFO: 02-feature_extractor] Created directory: e
[2022-02-13 20:09:19,446: INFO: 02-feature_extractor] Created directory: r
[2022-02-14 10:24:18,608: INFO: 02-feature_extractor] Created directory: U
[2022-02-14 10:24:18,609: INFO: 02-feature_extractor] Created directory: s
[2022-02-14 10:24:18,609: INFO: 02-feature_extractor] Created directory: e
[2022-02-14 10:24:18,610: INFO: 02-feature_extractor] Created directory: r
[2022-02-14 10:25:58,576: INFO: 02-feature_extractor] Created directory: U
[2022-02-14 10:25:58,577: INFO: 02-feature_extractor] Created directory: s
[2022-02-14 10:25:58,577: INFO: 02-feature_extractor] Created directory: e
[2022-02-14 10:25:58,578: INFO: 02-feature_extractor] Created directory: r
[2022-02-14 11:53:30,137: INFO: 02-feature_extractor] ----- Running Stage-02-----
[2022-02-14 11:53:30,138: INFO: 02-feature_extractor] ----- Completed Stage-02-----
[2022-02-14 11:59:30,431: INFO: 02-feature_extractor] ----- Running Stage-02-----
[2022-02-14 11:59:30,431: INFO: 02-feature_extractor] ----- Completed Stage-02-----
[2022-02-14 12:37:39,792: INFO: 02-feature_extractor] ----- Running Stage-02-----
[2022-02-14 12:37:39,792: INFO: 02-feature_extractor] ----- Completed Stage-02-----
